0 info it worked if it ends with ok
1 verbose cli [ 'C:\\Program Files\\nodejs\\node.exe',
1 verbose cli   'C:\\Program Files\\nodejs\\node_modules\\npm\\bin\\npm-cli.js',
1 verbose cli   'run',
1 verbose cli   'server' ]
2 info using npm@3.10.10
3 info using node@v6.10.1
4 verbose run-script [ 'preserver', 'server', 'postserver' ]
5 info lifecycle NotesApp@0.0.1~preserver: NotesApp@0.0.1
6 silly lifecycle NotesApp@0.0.1~preserver: no script for preserver, continuing
7 info lifecycle NotesApp@0.0.1~server: NotesApp@0.0.1
8 verbose lifecycle NotesApp@0.0.1~server: unsafe-perm in lifecycle true
9 verbose lifecycle NotesApp@0.0.1~server: PATH: C:\Program Files\nodejs\node_modules\npm\bin\node-gyp-bin;C:\Users\artem\WebstormProjects\spa-webinar\node_modules\.bin;C:\ProgramData\Oracle\Java\javapath;C:\Program Files (x86)\NVIDIA Corporation\PhysX\Common;C:\Windows\system32;C:\Windows;C:\Windows\System32\Wbem;C:\Windows\System32\WindowsPowerShell\v1.0\;C:\Program Files (x86)\ATI Technologies\ATI.ACE\Core-Static;C:\Program Files (x86)\Windows Kits\8.1\Windows Performance Toolkit\;C:\Program Files\Microsoft SQL Server\110\Tools\Binn\;C:\Program Files\PostgreSQL\pg95\bin;C:\Go\bin;C:\Program Files\Git\cmd;C:\TDM-GCC-64\bin;C:\WINDOWS\system32;C:\WINDOWS;C:\WINDOWS\System32\Wbem;C:\WINDOWS\System32\WindowsPowerShell\v1.0\;C:\Program Files (x86)\PuTTY\;C:\Program Files (x86)\Skype\Phone\;C:\Program Files\nodejs\;C:\windows\System32\;C:\Python34;C:\Python34\python.exe;C:\Python34\Scripts\;C:\Python34\Lib\site-packages\django\bin\;C:\Program Files (x86)\Microsoft VS Code\bin;C:\Users\artem\AppData\Local\Microsoft\WindowsApps;C:\Users\artem\AppData\Roaming\npm
10 verbose lifecycle NotesApp@0.0.1~server: CWD: C:\Users\artem\WebstormProjects\spa-webinar
11 silly lifecycle NotesApp@0.0.1~server: Args: [ '/d /s /c', 'babel-node server/app.js' ]
12 silly lifecycle NotesApp@0.0.1~server: Returned: code: 3221225786  signal: null
13 info lifecycle NotesApp@0.0.1~server: Failed to exec server script
14 verbose stack Error: NotesApp@0.0.1 server: `babel-node server/app.js`
14 verbose stack Exit status 3221225786
14 verbose stack     at EventEmitter.<anonymous> (C:\Program Files\nodejs\node_modules\npm\lib\utils\lifecycle.js:255:16)
14 verbose stack     at emitTwo (events.js:106:13)
14 verbose stack     at EventEmitter.emit (events.js:191:7)
14 verbose stack     at ChildProcess.<anonymous> (C:\Program Files\nodejs\node_modules\npm\lib\utils\spawn.js:40:14)
14 verbose stack     at emitTwo (events.js:106:13)
14 verbose stack     at ChildProcess.emit (events.js:191:7)
14 verbose stack     at maybeClose (internal/child_process.js:886:16)
14 verbose stack     at Process.ChildProcess._handle.onexit (internal/child_process.js:226:5)
15 verbose pkgid NotesApp@0.0.1
16 verbose cwd C:\Users\artem\WebstormProjects\spa-webinar
17 error Windows_NT 10.0.14393
18 error argv "C:\\Program Files\\nodejs\\node.exe" "C:\\Program Files\\nodejs\\node_modules\\npm\\bin\\npm-cli.js" "run" "server"
19 error node v6.10.1
20 error npm  v3.10.10
21 error code ELIFECYCLE
22 error NotesApp@0.0.1 server: `babel-node server/app.js`
22 error Exit status 3221225786
23 error Failed at the NotesApp@0.0.1 server script 'babel-node server/app.js'.
23 error Make sure you have the latest version of node.js and npm installed.
23 error If you do, this is most likely a problem with the NotesApp package,
23 error not with npm itself.
23 error Tell the author that this fails on your system:
23 error     babel-node server/app.js
23 error You can get information on how to open an issue for this project with:
23 error     npm bugs NotesApp
23 error Or if that isn't available, you can get their info via:
23 error     npm owner ls NotesApp
23 error There is likely additional logging output above.
24 verbose exit [ 1, true ]
